<?xml version="1.0" encoding="UTF-8"?>
<!-- Generated by org.testng.reporters.JUnitReportReporter -->
<testsuite hostname="DESKTOP-0OH831K" failures="0" tests="2" name="newThirdProjectAuto.AddTest$MyTestcases" time="0.437" errors="0" timestamp="2024-08-11T22:05:46 EET" skipped="0">
  <testcase classname="newThirdProjectAuto.AddTest$MyTestcases" name="loginTest" time="0.295"/>
  <system-out/>
  <testcase classname="newThirdProjectAuto.AddTest$MyTestcases" name="addToCard4Items" time="0.142"/>
  <system-out/>
</testsuite> <!-- newThirdProjectAuto.AddTest$MyTestcases -->
